A Joint Optimization of Buffer and Splitter Insertion
Running Benchmarks:
['c432', 'c499', 'c880', 'c1355', 'c1908', 'c2670']

Parsed Circuit c432 has gate count 121
Solving Initial Levels with 4375 constraints
No Improvement Found in Iteration 2 at cost 432
Inserting Buffers
Network is Appropriately Balanced
Recovered Inserted Cost:432
Buffers = 356
Splitters = 76
Total Time: 0.3692588806152344 seconds 
Time in phase assignment 0.09166884422302246 
Time in tree construction 0.2666940689086914 



Parsed Circuit c499 has gate count 387
Solving Initial Levels with 7709 constraints
No Improvement Found in Iteration 3 at cost 667
Inserting Buffers
Network is Appropriately Balanced
Recovered Inserted Cost:667
Buffers = 412
Splitters = 255
Total Time: 1.554163932800293 seconds 
Time in phase assignment 0.10619497299194336 
Time in tree construction 1.4237797260284424 



Parsed Circuit c880 has gate count 306
Solving Initial Levels with 6004 constraints
No Improvement Found in Iteration 4 at cost 742
Inserting Buffers
Network is Appropriately Balanced
Recovered Inserted Cost:742
Buffers = 558
Splitters = 184
Total Time: 1.2146022319793701 seconds 
Time in phase assignment 0.13833928108215332 
Time in tree construction 1.0537800788879395 



Parsed Circuit c1355 has gate count 389
Solving Initial Levels with 7983 constraints
No Improvement Found in Iteration 2 at cost 669
Inserting Buffers
Network is Appropriately Balanced
Recovered Inserted Cost:669
Buffers = 408
Splitters = 261
Total Time: 1.053030014038086 seconds 
Time in phase assignment 0.08345675468444824 
Time in tree construction 0.948174238204956 



Parsed Circuit c1908 has gate count 289
Solving Initial Levels with 25289 constraints
No Improvement Found in Iteration 3 at cost 659
Inserting Buffers
Network is Appropriately Balanced
Recovered Inserted Cost:659
Buffers = 467
Splitters = 192
Total Time: 1.832103967666626 seconds 
Time in phase assignment 0.16199660301208496 
Time in tree construction 1.607483148574829 



Parsed Circuit c2670 has gate count 368
Solving Initial Levels with 89357 constraints
No Improvement Found in Iteration 2 at cost 929
Inserting Buffers
Network is Appropriately Balanced
Recovered Inserted Cost:929
Buffers = 731
Splitters = 198
Total Time: 3.5274250507354736 seconds 
Time in phase assignment 1.1735165119171143 
Time in tree construction 2.085132598876953 


Parameters
Phases:8
Maximum Phase Skips:1
Splitter Fanout Limit:4


Summary of Results
Benchmark | Total Buffer/Splitter Cost
c432  |  418
c499  |  667
c880  |  742
c1355  |  669
c1908  |  656
c2670  |  900
