A Joint Optimization of Buffer and Splitter Insertion
Running Benchmarks:
['c1908']

Parsed Circuit c1908 has gate count 289
Solving Initial Levels with 25289 constraints
No Improvement Found in Iteration 3 at cost 1254
Inserting Buffers
Network is Appropriately Balanced
Recovered Inserted Cost:1254
Buffers = 1065
Splitters = 189
Total Time: 2.75019907951355 seconds 
Time in phase assignment 0.3067820072174072 
Time in tree construction 2.3322789669036865 


{1: 33, 16: 19.33, 18: 23.33, 4: 26.0, 5: 20.67, 7: 33.67, 8: 21.33, 6: 31.0, 3: 21.0, 9: 25.67, 10: 27.67, 12: 19.67, 13: 24.0, 15: 18.67, 20: 22.33, 21: 19.0, 23: 17.67, 11: 18.67, 14: 17.67, 19: 21.33, 17: 18.0, 22: 18.67, 25: 17.0, 27: 18.0, 31: 33.33, 32: 20.33, 24: 16.67, 29: 22.67, 30: 29.0, 26: 15.33, 33: 18.67, 34: 13.33, 35: 11.67, 36: 25, 2: 11.0, 28: 14.67}
Total Cells: 1601
Max Depth: 36
Max Width: 33.67
Average Width per Depth: 21.25
Number of Primary Inputs: 33
Parameters
Phases:4
Maximum Phase Skips:0
Splitter Fanout Limit:4


Summary of Results
Benchmark | Total Buffer/Splitter Cost
c1908  |  1254
