A Joint Optimization of Buffer and Splitter Insertion
Running Benchmarks:
['c2670']

Parsed Circuit c2670 has gate count 368
Solving Initial Levels with 89357 constraints
No Improvement Found in Iteration 3 at cost 1880
Inserting Buffers
Network is Appropriately Balanced
Recovered Inserted Cost:1880
Buffers = 1698
Splitters = 182
Total Time: 6.290935754776001 seconds 
Time in phase assignment 1.467482089996338 
Time in tree construction 4.394650459289551 


{1: 156, 12: 43.33, 13: 40.0, 3: 51.33, 4: 53.67, 29: 16.0, 23: 21.0, 20: 25.0, 21: 21.33, 24: 17.67, 2: 48.33, 5: 62.0, 6: 59.33, 7: 69.33, 8: 51.33, 9: 45.67, 17: 33.33, 26: 17.0, 28: 17.67, 18: 29.0, 19: 24.67, 11: 47.0, 10: 34.33, 15: 45.33, 16: 33.0, 14: 36.67, 22: 17.67, 25: 16.67, 27: 17.0, 30: 60}
Total Cells: 2464
Max Depth: 30
Max Width: 69.33
Average Width per Depth: 40.36
Number of Primary Inputs: 156
Parameters
Phases:4
Maximum Phase Skips:0
Splitter Fanout Limit:4


Summary of Results
Benchmark | Total Buffer/Splitter Cost
c2670  |  1880
