Parsed Circuit c1355 has gate count 389
Solving Initial Levels with 7983 constraints
Loutputs: 33
Initial Cost: 2089
No Improvement Found in Iteration 2 at cost 2089
Iteration 3: 2306
No Improvement Found in Iteration 4 at cost 2311
Network is Appropriately Balanced
Recovered Inserted Cost:2217
Buffers = 2007
Splitters = 210
Total Time: 1206.8780508041382 seconds 
Time in phase assignment 1204.5249049663544 
Time in tree construction 0.41588497161865234 
{1: 41, 9: 43.67, 4: 44.67, 5: 44.67, 6: 44.67, 8: 44.67, 11: 43.33, 12: 37.67, 14: 34.67, 15: 29.0, 7: 44.33, 10: 44.67, 13: 42.67, 3: 44.0, 16: 33.0, 17: 29.67, 19: 32.0, 21: 32.67, 22: 31.67, 20: 27.67, 23: 28.33, 25: 32.0, 27: 40.67, 29: 44.67, 31: 44.67, 32: 32, 26: 30.33, 28: 39.33, 30: 44.67, 33: 28, 2: 13.67, 18: 25.0, 24: 27.33}
Width from Solution: 134.00
Total Cells: 2679
Max Depth: 33
Max Width: 44.67
Average Width per Depth: 36.39
Number of Primary Inputs: 41
