Parsed Circuit c1908 has gate count 289
Solving Initial Levels with 25289 constraints
Loutputs: 39
Initial Cost: 1922
No Improvement Found in Iteration 2 at cost 1922
Iteration 3: 2107
Iteration 4: 2065
No Improvement Found in Iteration 5 at cost 2087
Network is Appropriately Balanced
Recovered Inserted Cost:1994
Buffers = 1836
Splitters = 158
Total Time: 1809.8070180416107 seconds 
Time in phase assignment 1806.1267037391663 
Time in tree construction 0.551163911819458 
{1: 33, 10: 30.0, 12: 28.67, 5: 29.0, 6: 30.33, 8: 37.33, 9: 29.67, 11: 36.67, 14: 30.67, 15: 27.33, 4: 31.67, 7: 33.33, 13: 26.0, 17: 27.67, 18: 25.33, 20: 30.0, 22: 27.0, 23: 26.67, 25: 24.67, 19: 31.67, 3: 26.0, 16: 26.0, 21: 27.67, 24: 25.0, 27: 25.33, 29: 25.0, 31: 30.33, 32: 35.0, 33: 25.67, 37: 15.33, 38: 9.0, 34: 23.33, 26: 23.67, 28: 23.0, 30: 23.33, 35: 14.67, 36: 15.67, 39: 10, 2: 11.0}
Width from Solution: 112.00
Total Cells: 2341
Max Depth: 39
Max Width: 37.33
Average Width per Depth: 25.94
Number of Primary Inputs: 33
