A Joint Optimization of Buffer and Splitter Insertion
Running Benchmarks:
['c6288', 'alu32', '7552']

Parsed Circuit c6288 has gate count 1870
Solving Initial Levels with 546367 constraints
No Improvement Found in Iteration 9 at cost 4671
Inserting Buffers
Network is Appropriately Balanced
Recovered Inserted Cost:4671
Buffers = 2971
Splitters = 1700
Total Time: 218.36897110939026 seconds 
Time in phase assignment 15.388694047927856 
Time in tree construction 201.3167712688446 



Parsed Circuit alu32 has gate count 1513
Solving Initial Levels with 247756 constraints
No Improvement Found in Iteration 10 at cost 6886
Inserting Buffers
Network is Appropriately Balanced
Recovered Inserted Cost:6886
Buffers = 5877
Splitters = 1009
Total Time: 2654.4663820266724 seconds 
Time in phase assignment 12.488579034805298 
Time in tree construction 2640.1803953647614 


