A Joint Optimization of Buffer and Splitter Insertion
Running Benchmarks:
['c6288']

Parsed Circuit c6288 has gate count 1870
Solving Initial Levels with 546367 constraints
No Improvement Found in Iteration 9 at cost 4672
Inserting Buffers
Network is Appropriately Balanced
Recovered Inserted Cost:4672
Buffers = 2970
Splitters = 1702
Total Time: 218.28091740608215 seconds 
Time in phase assignment 16.216623544692993 
Time in tree construction 200.38382124900818 


Parameters
Phases:8
Maximum Phase Skips:1
Splitter Fanout Limit:4


Summary of Results
Benchmark | Total Buffer/Splitter Cost
c6288  |  4672
