A Joint Optimization of Buffer and Splitter Insertion
Running Benchmarks:
['c6288']

Parsed Circuit c6288 has gate count 1870
Solving Initial Levels with 546367 constraints
No Improvement Found in Iteration 2 at cost 4787
Inserting Buffers
Network is Appropriately Balanced
Recovered Inserted Cost:4787
Buffers = 3054
Splitters = 1733
Total Time: 69.03150582313538 seconds 
Time in phase assignment 17.297065496444702 
Time in tree construction 50.05636525154114 


Parameters
Phases:8
Maximum Phase Skips:1
Splitter Fanout Limit:4


Summary of Results
Benchmark | Total Buffer/Splitter Cost
c6288  |  4776
