A Joint Optimization of Buffer and Splitter Insertion
Running Benchmarks:
['c7552']

Parsed Circuit c7552 has gate count 1394
Solving Initial Levels with 51644 constraints
No Improvement Found in Iteration 5 at cost 3413
Inserting Buffers
Network is Appropriately Balanced
Recovered Inserted Cost:3413
Buffers = 2465
Splitters = 948
Total Time: 233.3704330921173 seconds 
Time in phase assignment 6.923059463500977 
Time in tree construction 225.9709780216217 


Parameters
Phases:8
Maximum Phase Skips:1
Splitter Fanout Limit:4


Summary of Results
Benchmark | Total Buffer/Splitter Cost
c7552  |  3354
A Joint Optimization of Buffer and Splitter Insertion
Running Benchmarks:
['c7552']

Parsed Circuit c7552 has gate count 1394
Solving Initial Levels with 51644 constraints
No Improvement Found in Iteration 5 at cost 3354
Inserting Buffers
Network is Appropriately Balanced
Recovered Inserted Cost:3354
Buffers = 2452
Splitters = 902
Total Time: 121.11623287200928 seconds 
Time in phase assignment 7.181951999664307 
Time in tree construction 113.379474401474 


Parameters
Phases:8
Maximum Phase Skips:1
Splitter Fanout Limit:4


Summary of Results
Benchmark | Total Buffer/Splitter Cost
c7552  |  3352
A Joint Optimization of Buffer and Splitter Insertion
Running Benchmarks:
['c7552']

Parsed Circuit c7552 has gate count 1394
Solving Initial Levels with 51644 constraints
No Improvement Found in Iteration 2 at cost 3412
Inserting Buffers
Network is Appropriately Balanced
Recovered Inserted Cost:3412
Buffers = 2472
Splitters = 940
Total Time: 231.45061945915222 seconds 
Time in phase assignment 6.660426616668701 
Time in tree construction 224.4144308567047 


Parameters
Phases:8
Maximum Phase Skips:1
Splitter Fanout Limit:4


Summary of Results
Benchmark | Total Buffer/Splitter Cost
c7552  |  3375
