A Joint Optimization of Buffer and Splitter Insertion
Running Benchmarks:
['c7552']

Parsed Circuit c7552 has gate count 1394
Solving Initial Levels with 51644 constraints
No Improvement Found in Iteration 4 at cost 3393
Inserting Buffers
Network is Appropriately Balanced
Recovered Inserted Cost:3393
Buffers = 2456
Splitters = 937
Total Time: 224.02829766273499 seconds 
Time in phase assignment 6.154758453369141 
Time in tree construction 217.41083240509033 


Parameters
Phases:8
Maximum Phase Skips:1
Splitter Fanout Limit:4


Summary of Results
Benchmark | Total Buffer/Splitter Cost
c7552  |  3342
A Joint Optimization of Buffer and Splitter Insertion
Running Benchmarks:
['c7552']

Parsed Circuit c7552 has gate count 1394
Solving Initial Levels with 51644 constraints
No Improvement Found in Iteration 4 at cost 3399
Inserting Buffers
Network is Appropriately Balanced
Recovered Inserted Cost:3399
Buffers = 2466
Splitters = 933
Total Time: 226.3211498260498 seconds 
Time in phase assignment 5.967942714691162 
Time in tree construction 219.91077852249146 


Parameters
Phases:8
Maximum Phase Skips:1
Splitter Fanout Limit:4


Summary of Results
Benchmark | Total Buffer/Splitter Cost
c7552  |  3361
A Joint Optimization of Buffer and Splitter Insertion
Running Benchmarks:
['c7552']

Parsed Circuit c7552 has gate count 1394
Solving Initial Levels with 51644 constraints
No Improvement Found in Iteration 3 at cost 3395
Inserting Buffers
Network is Appropriately Balanced
Recovered Inserted Cost:3395
Buffers = 2460
Splitters = 935
Total Time: 226.69285464286804 seconds 
Time in phase assignment 6.518030405044556 
Time in tree construction 219.78110647201538 


Parameters
Phases:8
Maximum Phase Skips:1
Splitter Fanout Limit:4


Summary of Results
Benchmark | Total Buffer/Splitter Cost
c7552  |  3357
