A Joint Optimization of Buffer and Splitter Insertion
Running Benchmarks:
['c7552']

Parsed Circuit c7552 has gate count 1394
Solving Initial Levels with 51644 constraints
No Improvement Found in Iteration 4 at cost 3359
Inserting Buffers
Network is Appropriately Balanced
Recovered Inserted Cost:3359
Buffers = 2465
Splitters = 894
Total Time: 122.3779947757721 seconds 
Time in phase assignment 6.7312047481536865 
Time in tree construction 115.17237758636475 


Parameters
Phases:8
Maximum Phase Skips:1
Splitter Fanout Limit:4


Summary of Results
Benchmark | Total Buffer/Splitter Cost
c7552  |  3358
A Joint Optimization of Buffer and Splitter Insertion
Running Benchmarks:
['c7552']

Parsed Circuit c7552 has gate count 1394
Solving Initial Levels with 51644 constraints
No Improvement Found in Iteration 5 at cost 3356
Inserting Buffers
Network is Appropriately Balanced
Recovered Inserted Cost:3356
Buffers = 2462
Splitters = 894
Total Time: 113.5421507358551 seconds 
Time in phase assignment 7.198674440383911 
Time in tree construction 105.85120820999146 


Parameters
Phases:8
Maximum Phase Skips:1
Splitter Fanout Limit:4


Summary of Results
Benchmark | Total Buffer/Splitter Cost
c7552  |  3355
A Joint Optimization of Buffer and Splitter Insertion
Running Benchmarks:
['c7552']

Parsed Circuit c7552 has gate count 1394
Solving Initial Levels with 51644 constraints
No Improvement Found in Iteration 5 at cost 3358
Inserting Buffers
Network is Appropriately Balanced
Recovered Inserted Cost:3358
Buffers = 2469
Splitters = 889
Total Time: 115.03658270835876 seconds 
Time in phase assignment 6.926541090011597 
Time in tree construction 107.61889863014221 


Parameters
Phases:8
Maximum Phase Skips:1
Splitter Fanout Limit:4


Summary of Results
Benchmark | Total Buffer/Splitter Cost
c7552  |  3355
A Joint Optimization of Buffer and Splitter Insertion
Running Benchmarks:
['c7552']

Parsed Circuit c7552 has gate count 1394
Solving Initial Levels with 51644 constraints
No Improvement Found in Iteration 5 at cost 3352
Inserting Buffers
Network is Appropriately Balanced
Recovered Inserted Cost:3352
Buffers = 2462
Splitters = 890
Total Time: 124.00872683525085 seconds 
Time in phase assignment 6.964002370834351 
Time in tree construction 116.56827473640442 


Parameters
Phases:8
Maximum Phase Skips:1
Splitter Fanout Limit:4


Summary of Results
Benchmark | Total Buffer/Splitter Cost
c7552  |  3350
