A Joint Optimization of Buffer and Splitter Insertion
Running Benchmarks:
['c1355']

Parsed Circuit c1355 has gate count 389
Solving Initial Levels with 7983 constraints
No Improvement Found in Iteration 4 at cost 666
Inserting Buffers
Network is Appropriately Balanced
Recovered Inserted Cost:666
Buffers = 406
Splitters = 260
Total Time: 2.260190486907959 seconds 
Time in phase assignment 0.17737483978271484 
Time in tree construction 2.0486457347869873 


{1: 41, 5: 63, 3: 79, 4: 41, 7: 58, 8: 30, 10: 30, 11: 45, 13: 41, 14: 15, 6: 39, 9: 45, 16: 12, 12: 18, 15: 35, 18: 15, 20: 12, 21: 43, 19: 45, 22: 19, 24: 36, 26: 50, 28: 52, 30: 39, 31: 9, 25: 32, 27: 27, 29: 16, 32: 32, 17: 40, 23: 36, 2: 33}
Total Cells: 1128
Max Depth: 32
Max Width: 79
Average Width per Depth: 35.25
Number of Primary Inputs: 41
Parameters
Phases:8
Maximum Phase Skips:1
Splitter Fanout Limit:4


Summary of Results
Benchmark | Total Buffer/Splitter Cost
c1355  |  666
