A Joint Optimization of Buffer and Splitter Insertion
Running Benchmarks:
['c1908']

Parsed Circuit c1908 has gate count 289
Solving Initial Levels with 25289 constraints
No Improvement Found in Iteration 4 at cost 653
Inserting Buffers
Network is Appropriately Balanced
Recovered Inserted Cost:653
Buffers = 467
Splitters = 186
Total Time: 2.7247424125671387 seconds 
Time in phase assignment 0.26134777069091797 
Time in tree construction 2.395003080368042 


{1: 33, 6: 36, 8: 40, 4: 25, 5: 31, 7: 42, 10: 35, 11: 31, 13: 23, 14: 32, 9: 31, 12: 29, 16: 26, 17: 22, 19: 29, 21: 26, 22: 26, 24: 27, 15: 21, 20: 31, 3: 32, 18: 30, 23: 23, 26: 28, 28: 29, 32: 30, 34: 21, 31: 32, 33: 22, 30: 33, 27: 19, 35: 17, 36: 12, 37: 25, 25: 22, 29: 25, 2: 4}
Total Cells: 1000
Max Depth: 37
Max Width: 42
Average Width per Depth: 27.027027027027028
Number of Primary Inputs: 33
Parameters
Phases:8
Maximum Phase Skips:1
Splitter Fanout Limit:4


Summary of Results
Benchmark | Total Buffer/Splitter Cost
c1908  |  653
