Running AQFP Optimization 10 times...

Parsed Circuit c7552 has gate count 1394
Solving Initial Levels with 51644 constraints
No Improvement Found in Iteration 3 at cost 3352
Inserting Buffers
Network is Appropriately Balanced
Recovered Inserted Cost:3352
Buffers = 2458
Splitters = 894
Total Time: 124.06796002388 seconds 
Time in phase assignment 10.293018579483032 
Time in tree construction 113.18177318572998 



Parsed Circuit c7552 has gate count 1394
Solving Initial Levels with 51644 constraints
No Improvement Found in Iteration 6 at cost 3377
Inserting Buffers
Network is Appropriately Balanced
Recovered Inserted Cost:3377
Buffers = 2443
Splitters = 934
Total Time: 228.72818803787231 seconds 
Time in phase assignment 10.341829061508179 
Time in tree construction 217.8822877407074 



Parsed Circuit c7552 has gate count 1394
Solving Initial Levels with 51644 constraints
No Improvement Found in Iteration 2 at cost 3410
Inserting Buffers
Network is Appropriately Balanced
Recovered Inserted Cost:3410
Buffers = 2473
Splitters = 937
Total Time: 231.81414484977722 seconds 
Time in phase assignment 6.943084239959717 
Time in tree construction 224.4234139919281 



Parsed Circuit c7552 has gate count 1394
Solving Initial Levels with 51644 constraints
No Improvement Found in Iteration 2 at cost 3411
Inserting Buffers
Network is Appropriately Balanced
Recovered Inserted Cost:3411
Buffers = 2470
Splitters = 941
Total Time: 236.92188501358032 seconds 
Time in phase assignment 6.479680299758911 
Time in tree construction 230.02359414100647 



Parsed Circuit c7552 has gate count 1394
Solving Initial Levels with 51644 constraints
No Improvement Found in Iteration 3 at cost 3410
Inserting Buffers
Network is Appropriately Balanced
Recovered Inserted Cost:3410
Buffers = 2463
Splitters = 947
Total Time: 228.2856285572052 seconds 
Time in phase assignment 6.799726486206055 
Time in tree construction 221.07334327697754 



Parsed Circuit c7552 has gate count 1394
Solving Initial Levels with 51644 constraints
No Improvement Found in Iteration 2 at cost 3464
Inserting Buffers
Network is Appropriately Balanced
Recovered Inserted Cost:3464
Buffers = 2530
Splitters = 934
Total Time: 231.17191243171692 seconds 
Time in phase assignment 6.697337865829468 
Time in tree construction 224.0733518600464 



Parsed Circuit c7552 has gate count 1394
Solving Initial Levels with 51644 constraints
No Improvement Found in Iteration 2 at cost 3394
Inserting Buffers
Network is Appropriately Balanced
Recovered Inserted Cost:3394
Buffers = 2462
Splitters = 932
Total Time: 253.21516489982605 seconds 
Time in phase assignment 7.33239221572876 
Time in tree construction 245.45464730262756 



Parsed Circuit c7552 has gate count 1394
Solving Initial Levels with 51644 constraints
No Improvement Found in Iteration 2 at cost 3408
Inserting Buffers
Network is Appropriately Balanced
Recovered Inserted Cost:3408
Buffers = 2471
Splitters = 937
Total Time: 255.02197980880737 seconds 
Time in phase assignment 7.209460973739624 
Time in tree construction 247.32444500923157 



Parsed Circuit c7552 has gate count 1394
Solving Initial Levels with 51644 constraints
No Improvement Found in Iteration 2 at cost 3419
Inserting Buffers
Network is Appropriately Balanced
Recovered Inserted Cost:3419
Buffers = 2472
Splitters = 947
Total Time: 253.74835348129272 seconds 
Time in phase assignment 7.434848308563232 
Time in tree construction 245.8374264240265 



Parsed Circuit c7552 has gate count 1394
Solving Initial Levels with 51644 constraints
No Improvement Found in Iteration 2 at cost 3401
Inserting Buffers
Network is Appropriately Balanced
Recovered Inserted Cost:3401
Buffers = 2461
Splitters = 940
Total Time: 252.91886568069458 seconds 
Time in phase assignment 8.630205631256104 
Time in tree construction 243.81883358955383 



Costs from all runs:
[3345, 3329, 3375, 3376, 3356, 3380, 3373, 3372, 3375, 3374]
['124.068', '228.728', '231.814', '236.922', '228.286', '231.172', '253.215', '255.022', '253.749', '252.920']
[3, 6, 2, 2, 3, 2, 2, 2, 2, 2]

Final Statistics:
Average Cost: 3365.50, Variance: 251.4500
Average Time: 229.59 seconds, Variance: 1353.1437
Average Iterations: 2.60, Variance: 1.4400
